[W][01633.485666] pw.conf      | [          conf.c: 1031 try_load_conf()] can't load config client-rt.conf: No such file or directory
[E][01633.485850] pw.conf      | [          conf.c: 1060 pw_conf_load_conf_for_context()] can't load config client-rt.conf: No such file or directory
[ALSOFT] (EE) Failed to create PipeWire event context (errno: 2)
ALSA lib confmisc.c:855:(parse_card) cannot find card '0'
ALSA lib conf.c:5204:(_snd_config_evaluate) function snd_func_card_inum returned error: No such file or directory
ALSA lib confmisc.c:422:(snd_func_concat) error evaluating strings
ALSA lib conf.c:5204:(_snd_config_evaluate) function snd_func_concat returned error: No such file or directory
ALSA lib confmisc.c:1342:(snd_func_refer) error evaluating name
ALSA lib conf.c:5204:(_snd_config_evaluate) function snd_func_refer returned error: No such file or directory
ALSA lib conf.c:5727:(snd_config_expand) Evaluate error: No such file or directory
ALSA lib pcm.c:2721:(snd_pcm_open_noupdate) Unknown PCM default
Could not open device.
--------------------------------------------------
HICHAUKITODEN GAME LOADED (WITH INPUT COOLDOWN FIX)
--------------------------------------------------
GOLDEN BEGIN
action|High Pixie|Pixie||
damage||Pixie|10|
death||Pixie||
action|Pixie|Skeleton||
heal||Skeleton|0|
action|Pixie|Skeleton||
damage||Skeleton|10|
mp_drain|High Pixie||2|
mp_drain|Skeleton||2|
mp_drain|Angel||2|
mp_drain|Alex||2|
text||||
heal||High Pixie|0|
action|High Pixie|High Pixie||
state_add||High Pixie||defending
action|Alex|Pixie||
damage||Pixie|10|
death||Pixie||
action|Pixie|Angel||
damage||Angel|10|
state_remove||High Pixie||defending
mp_drain|High Pixie||2|
mp_drain|Skeleton||2|
mp_drain|Angel||2|
mp_drain|Alex||2|
flee_success||||
action|High Pixie|Pixie||
damage||Pixie|10|
death||Pixie||
victory||||
GOLDEN END
