action|High Pixie|Pixie||
damage||Pixie|10|
death||Pixie||
action|Pixie|High Pixie||
damage||High Pixie|7|
action|Pixie|Angel||
damage||Angel|10|
mp_drain|High Pixie||2|
mp_drain|Skeleton||2|
mp_drain|Angel||2|
action|Skeleton|Skeleton||
state_add||Skeleton||defending
action|High Pixie|High Pixie||
heal||High Pixie|6|
action|Pixie|Skeleton||
damage||Skeleton|5|
action|Angel|Pixie||
damage||Pixie|10|
death||Pixie||
action|Pixie|High Pixie||
damage||High Pixie|7|
state_remove||Skeleton||defending
mp_drain|High Pixie||2|
mp_drain|Skeleton||2|
mp_drain|Angel||2|
flee_success||||
action|High Pixie|Pixie||
damage||Pixie|10|
death||Pixie||
victory||||
