UI GOLDEN BEGIN
scene|menu|name|Main Menu
menu_left_panel|open_window||
menu_left_panel|set_list||term:menu.main_options
menu_left_panel|set_cursor||1
menu_right_panel|open_window||
menu_right_panel|set_list||party
menu_right_panel|set_cursor||0
menu_info_panel|open_window||
menu_info_panel|set_text||GOLD
{session.gold} G

FLOOR
{session.mapTitle}
help|open_window||
help|set_text||UP/DOWN: select    ENTER: confirm    ESC: back
menu_confirm|open_window||
menu_confirm|set_text||Quit Hichaukitoden and exit to the desktop?
menu_confirm|set_list||term:menu.exit_options
menu_confirm|set_cursor||2
UI GOLDEN END
